<?xml version="1.0" encoding="UTF-8"?>
<testng-results skipped="0" failed="0" ignored="0" total="1" passed="1">
  <reporter-output>
  </reporter-output>
  <suite name="Default suite" duration-ms="7539" started-at="2020-01-15T22:00:21 EET" finished-at="2020-01-15T22:00:28 EET">
    <groups>
    </groups>
    <test name="Default test" duration-ms="7539" started-at="2020-01-15T22:00:21 EET" finished-at="2020-01-15T22:00:28 EET">
      <class name="uk.co.theautomatedtester.book.test.AutoTest">
        <test-method status="PASS" signature="CheckThatTextIsDisplayedOnChapterOnePage()[pri:0, instance:uk.co.theautomatedtester.book.test.AutoTest@1f7030a6]" name="CheckThatTextIsDisplayedOnChapterOnePage" duration-ms="7458" started-at="2020-01-15T22:00:21 EET" finished-at="2020-01-15T22:00:28 EET">
          <reporter-output>
          </reporter-output>
        </test-method> <!-- CheckThatTextIsDisplayedOnChapterOnePage -->
      </class> <!-- uk.co.theautomatedtester.book.test.AutoTest -->
    </test> <!-- Default test -->
  </suite> <!-- Default suite -->
</testng-results>
